<?xml version="1.0" encoding="UTF-8"?>
<testsuite xmlns:xsi="http://www.w3.org/2001/XMLSchema-instance" xsi:noNamespaceSchemaLocation="https://maven.apache.org/surefire/maven-surefire-plugin/xsd/surefire-test-report.xsd" version="3.0.2" name="proyecto_de_verdad_ahora_si_deveritas.Controller.ViaControllerTest" time="3.449" tests="1" errors="0" skipped="0" failures="0">
  <properties>
[...]
</properties>
  <testcase name="testDiferentesIds" classname="proyecto_de_verdad_ahora_si_deveritas.Controller.ViaControllerTest" time="0.216">
    <system-out><![CDATA[19:31:01.674 [main] INFO org.springframework.test.context.support.AnnotationConfigContextLoaderUtils -- Could not detect default configuration classes for test class [proyecto_de_verdad_ahora_si_deveritas.Controller.ViaControllerTest]: ViaControllerTest does not declare any static, non-private, non-final, nested classes annotated with @Configuration.
19:31:01.883 [main] INFO org.springframework.boot.test.context.SpringBootTestContextBootstrapper -- Found @SpringBootConfiguration proyecto_de_verdad_ahora_si_deveritas.WikiAppApplication for test class proyecto_de_verdad_ahora_si_deveritas.Controller.ViaControllerTest
19:31:01.965 [main] INFO org.springframework.boot.devtools.restart.RestartApplicationListener -- Restart disabled due to context in which it is running

  .   ____          _            __ _ _
 /\\ / ___'_ __ _ _(_)_ __  __ _ \ \ \ \
( ( )\___ | '_ | '_| | '_ \/ _` | \ \ \ \
 \\/  ___)| |_)| | | | | || (_| |  ) ) ) )
  '  |____| .__|_| |_|_| |_\__, | / / / /
 =========|_|==============|___/=/_/_/_/

 :: Spring Boot ::                (v3.5.0)

2025-07-09T19:31:02.360-04:00  INFO 14044 --- [           main] p.Controller.ViaControllerTest           : Starting ViaControllerTest using Java 21.0.7 with PID 14044 (started by chris in C:\Users\chris\OneDrive\Escritorio\proyecto_hsrt_wiki\proyecto_hstr_wiki\demo)
2025-07-09T19:31:02.362-04:00  INFO 14044 --- [           main] p.Controller.ViaControllerTest           : No active profile set, falling back to 1 default profile: "default"
2025-07-09T19:31:04.472-04:00  WARN 14044 --- [           main] .s.s.UserDetailsServiceAutoConfiguration : 

Using generated security password: b060a34d-91d5-4d7d-8feb-673fc9ff6e4a

This generated password is for development use only. Your security configuration must be updated before running your application in production.

2025-07-09T19:31:04.482-04:00  INFO 14044 --- [           main] r$InitializeUserDetailsManagerConfigurer : Global AuthenticationManager configured with UserDetailsService bean with name inMemoryUserDetailsManager
2025-07-09T19:31:04.675-04:00  INFO 14044 --- [           main] o.s.b.t.m.w.SpringBootMockServletContext : Initializing Spring TestDispatcherServlet ''
2025-07-09T19:31:04.675-04:00  INFO 14044 --- [           main] o.s.t.web.servlet.TestDispatcherServlet  : Initializing Servlet ''
2025-07-09T19:31:04.677-04:00  INFO 14044 --- [           main] o.s.t.web.servlet.TestDispatcherServlet  : Completed initialization in 1 ms
2025-07-09T19:31:04.709-04:00  INFO 14044 --- [           main] p.Controller.ViaControllerTest           : Started ViaControllerTest in 2.753 seconds (process running for 3.92)
]]></system-out>
    <system-err><![CDATA[Mockito is currently self-attaching to enable the inline-mock-maker. This will no longer work in future releases of the JDK. Please add Mockito as an agent to your build as described in Mockito's documentation: https://javadoc.io/doc/org.mockito/mockito-core/latest/org.mockito/org/mockito/Mockito.html#0.3
WARNING: A Java agent has been loaded dynamically (C:\Users\chris\.m2\repository\net\bytebuddy\byte-buddy-agent\1.17.5\byte-buddy-agent-1.17.5.jar)
WARNING: If a serviceability tool is in use, please run with -XX:+EnableDynamicAgentLoading to hide this warning
WARNING: If a serviceability tool is not in use, please run with -Djdk.instrument.traceUsage for more information
WARNING: Dynamic loading of agents will be disallowed by default in a future release
]]></system-err>
  </testcase>
</testsuite>